-------------------------------------------------------------------------------
Test set: PetStoreTest
-------------------------------------------------------------------------------
Tests run: 1, Failures: 1, Errors: 0, Skipped: 0, Time elapsed: 8.885 s <<< FAILURE! - in PetStoreTest
checkUser  Time elapsed: 8.783 s  <<< FAILURE!
org.opentest4j.AssertionFailedError: expected: <200> but was: <404>
	at PetStoreTest.checkUser(PetStoreTest.java:65)

